(---------------------------------------------------------------------)
(                                                                     )
(    DBDOCTOR                                                         )
(                                                                     )
(    Drawing          : MULTIFX.brd                                   )
(    Software Version : 17.2S078                                      )
(    Date/Time        : Thu Feb 24 11:19:01 2022                      )
(                                                                     )
(---------------------------------------------------------------------)



WARNING: in VIA location = (170.4000 238.3000)
  pad stack name = DRILL_5
  WARNING(SPMHA1-97): Illegal drill plating.
Non-Plated hole has connected objects, consider changing to PLATED. 


WARNING: in VIA location = (265.9000 238.5000)
  pad stack name = DRILL_5
  WARNING(SPMHA1-97): Illegal drill plating.
Non-Plated hole has connected objects, consider changing to PLATED. 


WARNING: in VIA location = (265.9000 179.5000)
  pad stack name = DRILL_5
  WARNING(SPMHA1-97): Illegal drill plating.
Non-Plated hole has connected objects, consider changing to PLATED. 


WARNING: in VIA location = (170.4000 179.5000)
  pad stack name = DRILL_5
  WARNING(SPMHA1-97): Illegal drill plating.
Non-Plated hole has connected objects, consider changing to PLATED. 


4 warnings, 0 errors detected, 0 errors could be fixed.
