(---------------------------------------------------------------------)
(                                                                     )
(    Allegro Netrev Import Logic                                      )
(                                                                     )
(    Drawing          : MULTIFX.brd                                   )
(    Software Version : 17.2S078                                      )
(    Date/Time        : Sun Feb 20 17:19:29 2022                      )
(                                                                     )
(---------------------------------------------------------------------)


------ Directives ------------

Ripup etch:                  No
Ripup delete first segment:  No
Ripup retain bondwire:       No
Ripup symbols:               Always
Missing symbol has error:    No
DRC update:                  Yes
Schematic directory:         'C:\TEMP\MULTIFX\allegro'
Design Directory:            'C:/TEMP/MULTIFX/allegro'
Old design name:             'C:/temp/MultiFx/allegro/MULTIFX.brd'
New design name:             'C:/TEMP/MULTIFX/allegro/MULTIFX.brd'

CmdLine: netrev.exe -y 1 -i C:\TEMP\MULTIFX\allegro C:\temp\MultiFx\allegro\MULTIFX.brd C:\TEMP\MULTIFX\allegro\MULTIFX.brd

------ Preparing to read pst files ------

Starting to read C:/TEMP/MULTIFX/allegro/pstchip.dat 
   Finished reading C:/TEMP/MULTIFX/allegro/pstchip.dat (00:00:00.07)
Starting to read C:/TEMP/MULTIFX/allegro/pstxprt.dat 
   Finished reading C:/TEMP/MULTIFX/allegro/pstxprt.dat (00:00:00.00)
Starting to read C:/TEMP/MULTIFX/allegro/pstxnet.dat 
   Finished reading C:/TEMP/MULTIFX/allegro/pstxnet.dat (00:00:00.00)

------ Oversights/Warnings/Errors ------


------ Library Paths ------
MODULEPATH =  . 
           C:/Cadence/SPB_17.2/share/local/pcb/modules 

PSMPATH =  . 
           symbols 
           .. 
           ../symbols 
           C:/Cadence/SPB_17.2/share/local/pcb/symbols 
           C:/Cadence/SPB_17.2/share/pcb/pcb_lib/symbols 
           C:/Cadence/SPB_17.2/share/pcb/allegrolib/symbols 
           C:/ORCAD_PERSONAL_LIBRARY/FOOTPRINTS/ 

PADPATH =  . 
           symbols 
           .. 
           ../symbols 
           C:/Cadence/SPB_17.2/share/local/pcb/padstacks 
           C:/Cadence/SPB_17.2/share/pcb/pcb_lib/symbols 
           C:/Cadence/SPB_17.2/share/pcb/allegrolib/symbols 
           C:/ORCAD_PERSONAL_LIBRARY/PADSTACKS/ 


------ Summary Statistics ------


netrev run on Feb 20 17:19:29 2022
   DESIGN NAME : 'MULTIFX'
   PACKAGING ON Sep 13 2021 14:16:54

   COMPILE 'logic'
   CHECK_PIN_NAMES OFF
   CROSS_REFERENCE OFF
   FEEDBACK OFF
   INCREMENTAL OFF
   INTERFACE_TYPE PHYSICAL
   MAX_ERRORS 500
   MERGE_MINIMUM 5
   NET_NAME_CHARS '#%&()*+-./:=>?@[]^_`|'
   NET_NAME_LENGTH 24
   OVERSIGHTS ON
   REPLACE_CHECK OFF
   SINGLE_NODE_NETS ON
   SPLIT_MINIMUM 0
   SUPPRESS   20
   WARNINGS ON

 No error detected
 No oversight detected
 No warning detected

cpu time      0:01:03
elapsed time  0:00:01

