Sun Feb 20 17:32:13 2022				Page     1


 
Update Symbols/Modules Logfile
	Sun Feb 20 17:32:13 2022

------ Module Refresh Messages ------

SUMMARY:    Updated 0 out of 0 modules

------ End Module Messages     ------



(---------------------------------------------------------------------)
(                                                                     )
(    Refresh Symbol                                                   )
(                                                                     )
(    Drawing          : MULTIFX.brd                                   )
(    Software Version : 17.2S078                                      )
(    Date/Time        : Sun Feb 20 17:32:13 2022                      )
(                                                                     )
(---------------------------------------------------------------------)


Sun Feb 20 17:32:13 2022				Page     1


------ Symbol Refresh Directives ------

Input design  = 'C:/TEMP/MULTIFX/allegro/MULTIFX.brd'
Output design = ''

Update mechanical symbols              = 'NO'
Update format symbols                  = 'NO'
Update package symbols                 = 'NO'
Update shape/flash symbols             = 'NO'
Update symbol padstacks                = 'NO'
Preserve padstacks replaced on pins    = 'NO'
Reset symbol text and size locations   = 'NO'
Reset Pin Escapes (fanouts)            = 'NO'
Ripup Etch                             = 'NO'
Reset custom drill data                = 'NO'
Symbol list file                       = 'C:/Users/PiErre/AppData/Local/Temp/#Taaaabb21428.tmp'


------ Library Paths ------
PSMPATH =  . 
           symbols 
           .. 
           ../symbols 
           C:/Cadence/SPB_17.2/share/local/pcb/symbols 
           C:/Cadence/SPB_17.2/share/pcb/pcb_lib/symbols 
           C:/Cadence/SPB_17.2/share/pcb/allegrolib/symbols 
           C:/ORCAD_PERSONAL_LIBRARY/FOOTPRINTS/ 

PADPATH =  . 
           symbols 
           .. 
           ../symbols 
           C:/Cadence/SPB_17.2/share/local/pcb/padstacks 
           C:/Cadence/SPB_17.2/share/pcb/pcb_lib/symbols 
           C:/Cadence/SPB_17.2/share/pcb/allegrolib/symbols 
           C:/ORCAD_PERSONAL_LIBRARY/PADSTACKS/ 


------ Symbol Refresh Messages ------

'SMD_MBR0580'  symbol refreshed successfully.
'SMD_A765KG106M1ELAE035'  symbol refreshed successfully.


----- Symbol Update Summary ----

Updated symbols: 2 out 2
    Design updated.

