ARM GAS  C:\Users\nicol\AppData\Local\Temp\ccHyDzht.s 			page 1


   1              		.cpu cortex-m7
   2              		.eabi_attribute 28, 1
   3              		.eabi_attribute 20, 1
   4              		.eabi_attribute 21, 1
   5              		.eabi_attribute 23, 3
   6              		.eabi_attribute 24, 1
   7              		.eabi_attribute 25, 1
   8              		.eabi_attribute 26, 1
   9              		.eabi_attribute 30, 2
  10              		.eabi_attribute 34, 1
  11              		.eabi_attribute 18, 4
  12              		.file	"MultiFX_nese10.cpp"
  13              		.text
  14              	.Ltext0:
  15              		.cfi_sections	.debug_frame
  16              		.section	.text._ZN5daisy9DaisySeedD2Ev,"axG",%progbits,_ZN5daisy9DaisySeedD5Ev,comdat
  17              		.align	1
  18              		.p2align 2,,3
  19              		.weak	_ZN5daisy9DaisySeedD2Ev
  20              		.arch armv7e-m
  21              		.syntax unified
  22              		.thumb
  23              		.thumb_func
  24              		.fpu fpv5-d16
  26              	_ZN5daisy9DaisySeedD2Ev:
  27              	.LVL0:
  28              	.LFB2145:
  29              		.file 1 "../../libdaisy//src/daisy_seed.h"
   1:../../libdaisy//src/daisy_seed.h **** #pragma once
   2:../../libdaisy//src/daisy_seed.h **** #ifndef DSY_SEED_H
   3:../../libdaisy//src/daisy_seed.h **** #define DSY_SEED_H
   4:../../libdaisy//src/daisy_seed.h **** 
   5:../../libdaisy//src/daisy_seed.h **** #include "daisy.h"
   6:../../libdaisy//src/daisy_seed.h **** 
   7:../../libdaisy//src/daisy_seed.h **** //Uncomment this out if you're still using the rev2 hardware
   8:../../libdaisy//src/daisy_seed.h **** //#define SEED_REV2
   9:../../libdaisy//src/daisy_seed.h **** 
  10:../../libdaisy//src/daisy_seed.h **** namespace daisy
  11:../../libdaisy//src/daisy_seed.h **** {
  12:../../libdaisy//src/daisy_seed.h **** /**
  13:../../libdaisy//src/daisy_seed.h ****    @brief This is the higher-level interface for the Daisy board. \n 
  14:../../libdaisy//src/daisy_seed.h ****     All basic peripheral configuration/initialization is setup here. \n
  15:../../libdaisy//src/daisy_seed.h **** 
  16:../../libdaisy//src/daisy_seed.h ****    @ingroup boards
  17:../../libdaisy//src/daisy_seed.h **** */
  18:../../libdaisy//src/daisy_seed.h **** class DaisySeed
  19:../../libdaisy//src/daisy_seed.h **** {
  20:../../libdaisy//src/daisy_seed.h ****   public:
  21:../../libdaisy//src/daisy_seed.h ****     DaisySeed() {}
  22:../../libdaisy//src/daisy_seed.h ****     ~DaisySeed() {}
  30              		.loc 1 22 5 view -0
  31              		.cfi_startproc
  32              		@ args = 0, pretend = 0, frame = 0
  33              		@ frame_needed = 0, uses_anonymous_args = 0
  34              		@ link register save eliminated.
  35              	.LBB62:
  36              	.LBI62:
ARM GAS  C:\Users\nicol\AppData\Local\Temp\ccHyDzht.s 			page 2


  37              		.file 2 "../../libdaisy//src/sys/system.h"
   1:../../libdaisy//src/sys/system.h **** #ifndef DSY_SYSTEM_H
   2:../../libdaisy//src/sys/system.h **** #define DSY_SYSTEM_H
   3:../../libdaisy//src/sys/system.h **** 
   4:../../libdaisy//src/sys/system.h **** #ifndef UNIT_TEST // for unit tests, a dummy implementation is provided below
   5:../../libdaisy//src/sys/system.h **** 
   6:../../libdaisy//src/sys/system.h **** #include <cstdint>
   7:../../libdaisy//src/sys/system.h **** #include "per/tim.h"
   8:../../libdaisy//src/sys/system.h **** 
   9:../../libdaisy//src/sys/system.h **** namespace daisy
  10:../../libdaisy//src/sys/system.h **** {
  11:../../libdaisy//src/sys/system.h **** /** A handle for interacting with the Core System. 
  12:../../libdaisy//src/sys/system.h ****  ** This includes the Clock tree, MPU, global DMA initialization,
  13:../../libdaisy//src/sys/system.h ****  ** cache handling, and any other necessary global initiailzation
  14:../../libdaisy//src/sys/system.h ****  **
  15:../../libdaisy//src/sys/system.h ****  ** @author shensley
  16:../../libdaisy//src/sys/system.h ****  ** @addtogroup system
  17:../../libdaisy//src/sys/system.h ****  */
  18:../../libdaisy//src/sys/system.h **** class System
  19:../../libdaisy//src/sys/system.h **** {
  20:../../libdaisy//src/sys/system.h ****   public:
  21:../../libdaisy//src/sys/system.h ****     /** Contains settings for initializing the System */
  22:../../libdaisy//src/sys/system.h ****     struct Config
  23:../../libdaisy//src/sys/system.h ****     {
  24:../../libdaisy//src/sys/system.h ****         /** Specifies the system clock frequency that feeds APB/AHB clocks, etc. */
  25:../../libdaisy//src/sys/system.h ****         enum class SysClkFreq
  26:../../libdaisy//src/sys/system.h ****         {
  27:../../libdaisy//src/sys/system.h ****             FREQ_400MHZ,
  28:../../libdaisy//src/sys/system.h ****             FREQ_480MHZ,
  29:../../libdaisy//src/sys/system.h ****         };
  30:../../libdaisy//src/sys/system.h **** 
  31:../../libdaisy//src/sys/system.h ****         /** Method to call on the struct to set to defaults
  32:../../libdaisy//src/sys/system.h ****          ** CPU Freq set to 400MHz
  33:../../libdaisy//src/sys/system.h ****          ** Cache Enabled 
  34:../../libdaisy//src/sys/system.h ****          ** */
  35:../../libdaisy//src/sys/system.h ****         void Defaults()
  36:../../libdaisy//src/sys/system.h ****         {
  37:../../libdaisy//src/sys/system.h ****             cpu_freq    = SysClkFreq::FREQ_400MHZ;
  38:../../libdaisy//src/sys/system.h ****             use_dcache  = true;
  39:../../libdaisy//src/sys/system.h ****             use_icache  = true;
  40:../../libdaisy//src/sys/system.h ****             skip_clocks = false;
  41:../../libdaisy//src/sys/system.h ****         }
  42:../../libdaisy//src/sys/system.h **** 
  43:../../libdaisy//src/sys/system.h ****         /** Method to call on the struct to set to boost mode:
  44:../../libdaisy//src/sys/system.h ****          ** CPU Freq set to 480MHz
  45:../../libdaisy//src/sys/system.h ****          ** Cache Enabled 
  46:../../libdaisy//src/sys/system.h ****          ** */
  47:../../libdaisy//src/sys/system.h ****         void Boost()
  48:../../libdaisy//src/sys/system.h ****         {
  49:../../libdaisy//src/sys/system.h ****             cpu_freq    = SysClkFreq::FREQ_480MHZ;
  50:../../libdaisy//src/sys/system.h ****             use_dcache  = true;
  51:../../libdaisy//src/sys/system.h ****             use_icache  = true;
  52:../../libdaisy//src/sys/system.h ****             skip_clocks = false;
  53:../../libdaisy//src/sys/system.h ****         }
  54:../../libdaisy//src/sys/system.h **** 
  55:../../libdaisy//src/sys/system.h ****         SysClkFreq cpu_freq;
  56:../../libdaisy//src/sys/system.h ****         bool       use_dcache;
ARM GAS  C:\Users\nicol\AppData\Local\Temp\ccHyDzht.s 			page 3


  57:../../libdaisy//src/sys/system.h ****         bool       use_icache;
  58:../../libdaisy//src/sys/system.h ****         bool       skip_clocks;
  59:../../libdaisy//src/sys/system.h ****     };
  60:../../libdaisy//src/sys/system.h **** 
  61:../../libdaisy//src/sys/system.h ****     /** Describes the different regions of memory available to the Daisy
  62:../../libdaisy//src/sys/system.h ****      * 
  63:../../libdaisy//src/sys/system.h ****      */
  64:../../libdaisy//src/sys/system.h ****     enum MemoryRegion
  65:../../libdaisy//src/sys/system.h ****     {
  66:../../libdaisy//src/sys/system.h ****         INTERNAL_FLASH = 0,
  67:../../libdaisy//src/sys/system.h ****         ITCMRAM,
  68:../../libdaisy//src/sys/system.h ****         DTCMRAM,
  69:../../libdaisy//src/sys/system.h ****         SRAM_D1,
  70:../../libdaisy//src/sys/system.h ****         SRAM_D2,
  71:../../libdaisy//src/sys/system.h ****         SRAM_D3,
  72:../../libdaisy//src/sys/system.h ****         SDRAM,
  73:../../libdaisy//src/sys/system.h ****         QSPI,
  74:../../libdaisy//src/sys/system.h ****         INVALID_ADDRESS,
  75:../../libdaisy//src/sys/system.h ****     };
  76:../../libdaisy//src/sys/system.h **** 
  77:../../libdaisy//src/sys/system.h ****     System() {}
  78:../../libdaisy//src/sys/system.h ****     ~System() {}
  38              		.loc 2 78 5 view .LVU1
  39              		.loc 2 78 5 is_stmt 0 view .LVU2
  40              	.LBE62:
  41              	.LBB63:
  42              	.LBI63:
  43              		.file 3 "../../libdaisy//src/hid/usb.h"
   1:../../libdaisy//src/hid/usb.h **** #pragma once
   2:../../libdaisy//src/hid/usb.h **** #ifndef DSY_HID_USB_H
   3:../../libdaisy//src/hid/usb.h **** #define DSY_HID_USB_H
   4:../../libdaisy//src/hid/usb.h **** #include <stdint.h>
   5:../../libdaisy//src/hid/usb.h **** #include <stdlib.h>
   6:../../libdaisy//src/hid/usb.h **** 
   7:../../libdaisy//src/hid/usb.h **** namespace daisy
   8:../../libdaisy//src/hid/usb.h **** /** @addtogroup externals
   9:../../libdaisy//src/hid/usb.h ****     @{
  10:../../libdaisy//src/hid/usb.h **** */
  11:../../libdaisy//src/hid/usb.h **** 
  12:../../libdaisy//src/hid/usb.h **** {
  13:../../libdaisy//src/hid/usb.h **** /** 
  14:../../libdaisy//src/hid/usb.h ****     @brief Interface for initializing and using the USB Peripherals on the daisy
  15:../../libdaisy//src/hid/usb.h ****     @author Stephen Hensley
  16:../../libdaisy//src/hid/usb.h ****     @date December 2019
  17:../../libdaisy//src/hid/usb.h **** */
  18:../../libdaisy//src/hid/usb.h **** class UsbHandle
  19:../../libdaisy//src/hid/usb.h **** {
  20:../../libdaisy//src/hid/usb.h ****   public:
  21:../../libdaisy//src/hid/usb.h ****     /** Return values for USBHandle Functions */
  22:../../libdaisy//src/hid/usb.h ****     enum class Result
  23:../../libdaisy//src/hid/usb.h ****     {
  24:../../libdaisy//src/hid/usb.h ****         OK,
  25:../../libdaisy//src/hid/usb.h ****         ERR,
  26:../../libdaisy//src/hid/usb.h ****     };
  27:../../libdaisy//src/hid/usb.h **** 
  28:../../libdaisy//src/hid/usb.h ****     /** Specified which of the two USB Peripherals to initialize. */
  29:../../libdaisy//src/hid/usb.h ****     enum UsbPeriph
ARM GAS  C:\Users\nicol\AppData\Local\Temp\ccHyDzht.s 			page 4


  30:../../libdaisy//src/hid/usb.h ****     {
  31:../../libdaisy//src/hid/usb.h ****         FS_INTERNAL, /**< Internal pin */
  32:../../libdaisy//src/hid/usb.h ****         FS_EXTERNAL, /**< FS External D+ pin is Pin 38 (GPIO32). FS External D- pin is Pin 37 (GPIO
  33:../../libdaisy//src/hid/usb.h ****         FS_BOTH,     /**< Both */
  34:../../libdaisy//src/hid/usb.h ****     };
  35:../../libdaisy//src/hid/usb.h **** 
  36:../../libdaisy//src/hid/usb.h **** 
  37:../../libdaisy//src/hid/usb.h ****     /** Function called upon reception of a buffer */
  38:../../libdaisy//src/hid/usb.h ****     typedef void (*ReceiveCallback)(uint8_t* buff, uint32_t* len);
  39:../../libdaisy//src/hid/usb.h **** 
  40:../../libdaisy//src/hid/usb.h ****     UsbHandle() {}
  41:../../libdaisy//src/hid/usb.h **** 
  42:../../libdaisy//src/hid/usb.h ****     ~UsbHandle() {}
  44              		.loc 3 42 5 is_stmt 1 view .LVU3
  45              		.loc 3 42 5 is_stmt 0 view .LVU4
  46              	.LBE63:
  47              	.LBB64:
  48              	.LBI64:
  49              		.file 4 "../../libdaisy//src/per/adc.h"
   1:../../libdaisy//src/per/adc.h **** #pragma once
   2:../../libdaisy//src/per/adc.h **** #ifndef DSY_ADC_H
   3:../../libdaisy//src/per/adc.h **** #define DSY_ADC_H /**< Macro */
   4:../../libdaisy//src/per/adc.h **** #include <stdint.h>
   5:../../libdaisy//src/per/adc.h **** #include <stdlib.h>
   6:../../libdaisy//src/per/adc.h **** #include "daisy_core.h"
   7:../../libdaisy//src/per/adc.h **** #include "per/gpio.h"
   8:../../libdaisy//src/per/adc.h **** 
   9:../../libdaisy//src/per/adc.h **** #define DSY_ADC_MAX_CHANNELS 16 /**< Maximum number of ADC channels */
  10:../../libdaisy//src/per/adc.h **** 
  11:../../libdaisy//src/per/adc.h **** namespace daisy
  12:../../libdaisy//src/per/adc.h **** {
  13:../../libdaisy//src/per/adc.h **** /** @addtogroup analog_digital_conversion
  14:../../libdaisy//src/per/adc.h ****     @{
  15:../../libdaisy//src/per/adc.h **** */
  16:../../libdaisy//src/per/adc.h **** 
  17:../../libdaisy//src/per/adc.h **** /* While there may not be many configuration options here,
  18:../../libdaisy//src/per/adc.h **** using a struct like this allows us to add more configuration
  19:../../libdaisy//src/per/adc.h **** later without breaking existing functionality.
  20:../../libdaisy//src/per/adc.h **** */
  21:../../libdaisy//src/per/adc.h **** 
  22:../../libdaisy//src/per/adc.h **** /** Configuration Structure for a given channel */
  23:../../libdaisy//src/per/adc.h **** struct AdcChannelConfig
  24:../../libdaisy//src/per/adc.h **** {
  25:../../libdaisy//src/per/adc.h ****     /** Which pin to use for multiplexing */
  26:../../libdaisy//src/per/adc.h ****     enum MuxPin
  27:../../libdaisy//src/per/adc.h ****     {
  28:../../libdaisy//src/per/adc.h ****         MUX_SEL_0,    /**< & */
  29:../../libdaisy//src/per/adc.h ****         MUX_SEL_1,    /**< & */
  30:../../libdaisy//src/per/adc.h ****         MUX_SEL_2,    /**< & */
  31:../../libdaisy//src/per/adc.h ****         MUX_SEL_LAST, /**< & */
  32:../../libdaisy//src/per/adc.h ****     };
  33:../../libdaisy//src/per/adc.h **** 
  34:../../libdaisy//src/per/adc.h ****     /** Initializes a single ADC pin as an ADC. 
  35:../../libdaisy//src/per/adc.h ****     \param pin Pin to init.
  36:../../libdaisy//src/per/adc.h ****      */
  37:../../libdaisy//src/per/adc.h ****     void InitSingle(dsy_gpio_pin pin);
  38:../../libdaisy//src/per/adc.h **** 
ARM GAS  C:\Users\nicol\AppData\Local\Temp\ccHyDzht.s 			page 5


  39:../../libdaisy//src/per/adc.h ****     /** 
  40:../../libdaisy//src/per/adc.h ****     Initializes a single ADC pin as a Multiplexed ADC.
  41:../../libdaisy//src/per/adc.h ****     Requires a CD405X Multiplexer connected to the pin.
  42:../../libdaisy//src/per/adc.h ****     You only need to supply the mux pins that are required,
  43:../../libdaisy//src/per/adc.h ****     e.g. a 4052 mux would only require mux_0 and mux_1.
  44:../../libdaisy//src/per/adc.h ****     Internal Callbacks handle the pin addressing.
  45:../../libdaisy//src/per/adc.h ****     \param mux_channels must be 1-8
  46:../../libdaisy//src/per/adc.h ****     \param mux_0 First mux pin
  47:../../libdaisy//src/per/adc.h ****     \param mux_1 Second mux pin
  48:../../libdaisy//src/per/adc.h ****     \param mux_2 Third mux pin
  49:../../libdaisy//src/per/adc.h ****     \param adc_pin &
  50:../../libdaisy//src/per/adc.h ****     */
  51:../../libdaisy//src/per/adc.h ****     void InitMux(dsy_gpio_pin adc_pin,
  52:../../libdaisy//src/per/adc.h ****                  size_t       mux_channels,
  53:../../libdaisy//src/per/adc.h ****                  dsy_gpio_pin mux_0,
  54:../../libdaisy//src/per/adc.h ****                  dsy_gpio_pin mux_1 = {DSY_GPIOX, 0},
  55:../../libdaisy//src/per/adc.h ****                  dsy_gpio_pin mux_2 = {DSY_GPIOX, 0});
  56:../../libdaisy//src/per/adc.h **** 
  57:../../libdaisy//src/per/adc.h ****     dsy_gpio pin_;                   /**< & */
  58:../../libdaisy//src/per/adc.h ****     dsy_gpio mux_pin_[MUX_SEL_LAST]; /**< & */
  59:../../libdaisy//src/per/adc.h ****     uint8_t  mux_channels_;          /**< & */
  60:../../libdaisy//src/per/adc.h **** };
  61:../../libdaisy//src/per/adc.h **** 
  62:../../libdaisy//src/per/adc.h **** /**
  63:../../libdaisy//src/per/adc.h ****    Handler for analog to digital conversion
  64:../../libdaisy//src/per/adc.h **** */
  65:../../libdaisy//src/per/adc.h **** class AdcHandle
  66:../../libdaisy//src/per/adc.h **** {
  67:../../libdaisy//src/per/adc.h ****   public:
  68:../../libdaisy//src/per/adc.h ****     /** Supported oversampling amounts */
  69:../../libdaisy//src/per/adc.h ****     enum OverSampling
  70:../../libdaisy//src/per/adc.h ****     {
  71:../../libdaisy//src/per/adc.h ****         OVS_NONE, /**< & */
  72:../../libdaisy//src/per/adc.h ****         OVS_4,    /**< & */
  73:../../libdaisy//src/per/adc.h ****         OVS_8,    /**< & */
  74:../../libdaisy//src/per/adc.h ****         OVS_16,   /**< & */
  75:../../libdaisy//src/per/adc.h ****         OVS_32,   /**< & */
  76:../../libdaisy//src/per/adc.h ****         OVS_64,   /**< & */
  77:../../libdaisy//src/per/adc.h ****         OVS_128,  /**< & */
  78:../../libdaisy//src/per/adc.h ****         OVS_256,  /**< & */
  79:../../libdaisy//src/per/adc.h ****         OVS_512,  /**< & */
  80:../../libdaisy//src/per/adc.h ****         OVS_1024, /**< & */
  81:../../libdaisy//src/per/adc.h ****         OVS_LAST, /**< & */
  82:../../libdaisy//src/per/adc.h ****     };
  83:../../libdaisy//src/per/adc.h **** 
  84:../../libdaisy//src/per/adc.h ****     AdcHandle() {}
  85:../../libdaisy//src/per/adc.h ****     ~AdcHandle() {}
  50              		.loc 4 85 5 is_stmt 1 view .LVU5
  51              		.loc 4 85 5 is_stmt 0 view .LVU6
  52              	.LBE64:
  53              	.LBB65:
  54              	.LBI65:
  55              		.file 5 "../../libdaisy//src/hid/audio.h"
   1:../../libdaisy//src/hid/audio.h **** #ifndef DSY_AUDIO_H
   2:../../libdaisy//src/hid/audio.h **** #define DSY_AUDIO_H /**< & */
   3:../../libdaisy//src/hid/audio.h **** 
   4:../../libdaisy//src/hid/audio.h **** #include "per/sai.h"
ARM GAS  C:\Users\nicol\AppData\Local\Temp\ccHyDzht.s 			page 6


   5:../../libdaisy//src/hid/audio.h **** 
   6:../../libdaisy//src/hid/audio.h **** namespace daisy
   7:../../libdaisy//src/hid/audio.h **** {
   8:../../libdaisy//src/hid/audio.h **** class AudioHandle
   9:../../libdaisy//src/hid/audio.h **** {
  10:../../libdaisy//src/hid/audio.h ****   public:
  11:../../libdaisy//src/hid/audio.h ****     /** Manually configurable details about the Audio Engine */
  12:../../libdaisy//src/hid/audio.h ****     /** TODO: Figure out how to get samplerate in here. */
  13:../../libdaisy//src/hid/audio.h ****     struct Config
  14:../../libdaisy//src/hid/audio.h ****     {
  15:../../libdaisy//src/hid/audio.h ****         size_t                        blocksize;
  16:../../libdaisy//src/hid/audio.h ****         SaiHandle::Config::SampleRate samplerate;
  17:../../libdaisy//src/hid/audio.h ****         float                         postgain;
  18:../../libdaisy//src/hid/audio.h ****     };
  19:../../libdaisy//src/hid/audio.h **** 
  20:../../libdaisy//src/hid/audio.h ****     enum class Result
  21:../../libdaisy//src/hid/audio.h ****     {
  22:../../libdaisy//src/hid/audio.h ****         OK,
  23:../../libdaisy//src/hid/audio.h ****         ERR,
  24:../../libdaisy//src/hid/audio.h ****     };
  25:../../libdaisy//src/hid/audio.h **** 
  26:../../libdaisy//src/hid/audio.h ****     /** Non-Interleaving input buffer
  27:../../libdaisy//src/hid/audio.h ****      * Buffer arranged by float[chn][sample] 
  28:../../libdaisy//src/hid/audio.h ****      * const so that the user can't modify the input
  29:../../libdaisy//src/hid/audio.h ****     */
  30:../../libdaisy//src/hid/audio.h ****     typedef const float* const* InputBuffer;
  31:../../libdaisy//src/hid/audio.h **** 
  32:../../libdaisy//src/hid/audio.h ****     /** Non-Interleaving output buffer
  33:../../libdaisy//src/hid/audio.h ****      * Arranged by float[chn][sample] 
  34:../../libdaisy//src/hid/audio.h ****     */
  35:../../libdaisy//src/hid/audio.h ****     typedef float** OutputBuffer;
  36:../../libdaisy//src/hid/audio.h **** 
  37:../../libdaisy//src/hid/audio.h ****     /** Type for a Non-Interleaving audio callback 
  38:../../libdaisy//src/hid/audio.h ****    * Non-Interleaving audio callbacks in daisy will be of this type
  39:../../libdaisy//src/hid/audio.h ****   */
  40:../../libdaisy//src/hid/audio.h ****     typedef void (*AudioCallback)(InputBuffer  in,
  41:../../libdaisy//src/hid/audio.h ****                                   OutputBuffer out,
  42:../../libdaisy//src/hid/audio.h ****                                   size_t       size);
  43:../../libdaisy//src/hid/audio.h **** 
  44:../../libdaisy//src/hid/audio.h ****     /** Interleaving Input buffer
  45:../../libdaisy//src/hid/audio.h ****      ** audio is prepared as { L0, R0, L1, R1, . . . LN, RN }]
  46:../../libdaisy//src/hid/audio.h ****      ** this is const, as the user shouldn't modify it
  47:../../libdaisy//src/hid/audio.h ****     */
  48:../../libdaisy//src/hid/audio.h ****     typedef const float* InterleavingInputBuffer;
  49:../../libdaisy//src/hid/audio.h **** 
  50:../../libdaisy//src/hid/audio.h ****     /** Interleaving Output buffer 
  51:../../libdaisy//src/hid/audio.h ****      ** audio is prepared as { L0, R0, L1, R1, . . . LN, RN }
  52:../../libdaisy//src/hid/audio.h ****     */
  53:../../libdaisy//src/hid/audio.h ****     typedef float* InterleavingOutputBuffer;
  54:../../libdaisy//src/hid/audio.h **** 
  55:../../libdaisy//src/hid/audio.h ****     /** Interleaving Audio Callback 
  56:../../libdaisy//src/hid/audio.h ****    * Interleaving audio callbacks in daisy must be of this type
  57:../../libdaisy//src/hid/audio.h ****   */
  58:../../libdaisy//src/hid/audio.h ****     typedef void (*InterleavingAudioCallback)(InterleavingInputBuffer  in,
  59:../../libdaisy//src/hid/audio.h ****                                               InterleavingOutputBuffer out,
  60:../../libdaisy//src/hid/audio.h ****                                               size_t                   size);
  61:../../libdaisy//src/hid/audio.h **** 
ARM GAS  C:\Users\nicol\AppData\Local\Temp\ccHyDzht.s 			page 7


  62:../../libdaisy//src/hid/audio.h ****     AudioHandle() : pimpl_(nullptr) {}
  63:../../libdaisy//src/hid/audio.h ****     ~AudioHandle() {}
  56              		.loc 5 63 5 is_stmt 1 view .LVU7
  57              		.loc 5 63 5 is_stmt 0 view .LVU8
  58              	.LBE65:
  59              		.loc 1 22 19 view .LVU9
  60 0000 7047     		bx	lr
  61              		.cfi_endproc
  62              	.LFE2145:
  64              		.weak	_ZN5daisy9DaisySeedD1Ev
  65              		.thumb_set _ZN5daisy9DaisySeedD1Ev,_ZN5daisy9DaisySeedD2Ev
  66 0002 00BF     		.section	.text._Z13AudioCallbackPKPKfPPfj,"ax",%progbits
  67              		.align	1
  68              		.p2align 2,,3
  69              		.global	_Z13AudioCallbackPKPKfPPfj
  70              		.syntax unified
  71              		.thumb
  72              		.thumb_func
  73              		.fpu fpv5-d16
  75              	_Z13AudioCallbackPKPKfPPfj:
  76              	.LVL1:
  77              	.LFB4396:
  78              		.file 6 "MultiFX_nese10.cpp"
   1:MultiFX_nese10.cpp **** #include "daisy_seed.h"
   2:MultiFX_nese10.cpp **** #include "daisysp.h"
   3:MultiFX_nese10.cpp **** 
   4:MultiFX_nese10.cpp **** using namespace daisy;
   5:MultiFX_nese10.cpp **** using namespace daisysp;
   6:MultiFX_nese10.cpp **** 
   7:MultiFX_nese10.cpp **** DaisySeed hw;
   8:MultiFX_nese10.cpp **** 
   9:MultiFX_nese10.cpp **** void AudioCallback(AudioHandle::InputBuffer in, AudioHandle::OutputBuffer out, size_t size)
  10:MultiFX_nese10.cpp **** {
  79              		.loc 6 10 1 is_stmt 1 view -0
  80              		.cfi_startproc
  81              		@ args = 0, pretend = 0, frame = 0
  82              		@ frame_needed = 0, uses_anonymous_args = 0
  83              		@ link register save eliminated.
  11:MultiFX_nese10.cpp **** 	for (size_t i = 0; i < size; i++)
  84              		.loc 6 11 2 view .LVU11
  85              	.LBB66:
  86              		.loc 6 11 23 view .LVU12
  87 0000 9AB1     		cbz	r2, .L11
  88 0002 0368     		ldr	r3, [r0]
  89 0004 4068     		ldr	r0, [r0, #4]
  90              	.LVL2:
  91              		.loc 6 11 23 is_stmt 0 view .LVU13
  92 0006 03EB820C 		add	ip, r3, r2, lsl #2
  93              	.LBE66:
  10:MultiFX_nese10.cpp **** 	for (size_t i = 0; i < size; i++)
  94              		.loc 6 10 1 view .LVU14
  95 000a 10B4     		push	{r4}
  96              		.cfi_def_cfa_offset 4
  97              		.cfi_offset 4, -4
  98 000c 0C68     		ldr	r4, [r1]
  99 000e 4968     		ldr	r1, [r1, #4]
 100              	.LVL3:
ARM GAS  C:\Users\nicol\AppData\Local\Temp\ccHyDzht.s 			page 8


 101              	.L5:
 102              	.LBB67:
  12:MultiFX_nese10.cpp **** 	{
  13:MultiFX_nese10.cpp **** 		out[0][i] = in[0][i];
 103              		.loc 6 13 3 is_stmt 1 discriminator 2 view .LVU15
 104              		.loc 6 13 22 is_stmt 0 discriminator 2 view .LVU16
 105 0010 53F8042B 		ldr	r2, [r3], #4	@ float
 106              		.loc 6 13 13 discriminator 2 view .LVU17
 107 0014 44F8042B 		str	r2, [r4], #4	@ float
  14:MultiFX_nese10.cpp **** 		out[1][i] = in[1][i];
 108              		.loc 6 14 3 is_stmt 1 discriminator 2 view .LVU18
  11:MultiFX_nese10.cpp **** 	{
 109              		.loc 6 11 23 is_stmt 0 discriminator 2 view .LVU19
 110 0018 6345     		cmp	r3, ip
 111              		.loc 6 14 22 discriminator 2 view .LVU20
 112 001a 50F8042B 		ldr	r2, [r0], #4	@ float
 113              		.loc 6 14 13 discriminator 2 view .LVU21
 114 001e 41F8042B 		str	r2, [r1], #4	@ float
  11:MultiFX_nese10.cpp **** 	{
 115              		.loc 6 11 2 is_stmt 1 discriminator 2 view .LVU22
  11:MultiFX_nese10.cpp **** 	{
 116              		.loc 6 11 23 discriminator 2 view .LVU23
 117 0022 F5D1     		bne	.L5
 118              	.LBE67:
  15:MultiFX_nese10.cpp **** 	}
  16:MultiFX_nese10.cpp **** }
 119              		.loc 6 16 1 is_stmt 0 view .LVU24
 120 0024 5DF8044B 		ldr	r4, [sp], #4
 121              		.cfi_restore 4
 122              		.cfi_def_cfa_offset 0
 123 0028 7047     		bx	lr
 124              	.LVL4:
 125              	.L11:
 126              		.loc 6 16 1 view .LVU25
 127 002a 7047     		bx	lr
 128              		.cfi_endproc
 129              	.LFE4396:
 131              		.section	.text.startup.main,"ax",%progbits
 132              		.align	1
 133              		.p2align 2,,3
 134              		.global	main
 135              		.syntax unified
 136              		.thumb
 137              		.thumb_func
 138              		.fpu fpv5-d16
 140              	main:
 141              	.LFB4397:
  17:MultiFX_nese10.cpp **** 
  18:MultiFX_nese10.cpp **** int main(void)
  19:MultiFX_nese10.cpp **** {
 142              		.loc 6 19 1 is_stmt 1 view -0
 143              		.cfi_startproc
 144              		@ Volatile: function does not return.
 145              		@ args = 0, pretend = 0, frame = 0
 146              		@ frame_needed = 0, uses_anonymous_args = 0
  20:MultiFX_nese10.cpp **** 	hw.Init();
 147              		.loc 6 20 2 view .LVU27
ARM GAS  C:\Users\nicol\AppData\Local\Temp\ccHyDzht.s 			page 9


  19:MultiFX_nese10.cpp **** 	hw.Init();
 148              		.loc 6 19 1 is_stmt 0 view .LVU28
 149 0000 08B5     		push	{r3, lr}
 150              		.cfi_def_cfa_offset 8
 151              		.cfi_offset 3, -8
 152              		.cfi_offset 14, -4
 153              		.loc 6 20 9 view .LVU29
 154 0002 0021     		movs	r1, #0
 155 0004 0748     		ldr	r0, .L17
 156 0006 FFF7FEFF 		bl	_ZN5daisy9DaisySeed4InitEb
 157              	.LVL5:
  21:MultiFX_nese10.cpp **** 	hw.SetAudioBlockSize(4); // number of samples handled per callback
 158              		.loc 6 21 2 is_stmt 1 view .LVU30
 159              		.loc 6 21 22 is_stmt 0 view .LVU31
 160 000a 0421     		movs	r1, #4
 161 000c 0548     		ldr	r0, .L17
 162 000e FFF7FEFF 		bl	_ZN5daisy9DaisySeed17SetAudioBlockSizeEj
 163              	.LVL6:
  22:MultiFX_nese10.cpp **** 	hw.SetAudioSampleRate(SaiHandle::Config::SampleRate::SAI_48KHZ);
 164              		.loc 6 22 2 is_stmt 1 view .LVU32
 165              		.loc 6 22 23 is_stmt 0 view .LVU33
 166 0012 0321     		movs	r1, #3
 167 0014 0348     		ldr	r0, .L17
 168 0016 FFF7FEFF 		bl	_ZN5daisy9DaisySeed18SetAudioSampleRateENS_9SaiHandle6Config10SampleRateE
 169              	.LVL7:
  23:MultiFX_nese10.cpp **** 	hw.StartAudio(AudioCallback);
 170              		.loc 6 23 2 is_stmt 1 view .LVU34
 171              		.loc 6 23 15 is_stmt 0 view .LVU35
 172 001a 0349     		ldr	r1, .L17+4
 173 001c 0148     		ldr	r0, .L17
 174 001e FFF7FEFF 		bl	_ZN5daisy9DaisySeed10StartAudioEPFvPKPKfPPfjE
 175              	.LVL8:
 176              	.L15:
  24:MultiFX_nese10.cpp **** 	while(1) {}
 177              		.loc 6 24 2 is_stmt 1 discriminator 1 view .LVU36
 178              		.loc 6 24 2 discriminator 1 view .LVU37
 179              		.loc 6 24 2 discriminator 1 view .LVU38
 180              		.loc 6 24 2 discriminator 1 view .LVU39
 181 0022 FEE7     		b	.L15
 182              	.L18:
 183              		.align	2
 184              	.L17:
 185 0024 00000000 		.word	.LANCHOR0
 186 0028 00000000 		.word	_Z13AudioCallbackPKPKfPPfj
 187              		.cfi_endproc
 188              	.LFE4397:
 190              		.section	.text.startup._GLOBAL__sub_I_hw,"ax",%progbits
 191              		.align	1
 192              		.p2align 2,,3
 193              		.syntax unified
 194              		.thumb
 195              		.thumb_func
 196              		.fpu fpv5-d16
 198              	_GLOBAL__sub_I_hw:
 199              	.LFB4957:
  25:MultiFX_nese10.cpp **** }
 200              		.loc 6 25 1 view -0
ARM GAS  C:\Users\nicol\AppData\Local\Temp\ccHyDzht.s 			page 10


 201              		.cfi_startproc
 202              		@ args = 0, pretend = 0, frame = 0
 203              		@ frame_needed = 0, uses_anonymous_args = 0
 204              		@ link register save eliminated.
 205              	.LBB86:
 206              	.LBI86:
 207              		.loc 6 25 1 view .LVU41
 208              	.LVL9:
 209              	.LBB87:
 210              	.LBB88:
 211              	.LBI88:
  21:../../libdaisy//src/daisy_seed.h ****     ~DaisySeed() {}
 212              		.loc 1 21 5 view .LVU42
 213              	.LBB89:
 214              	.LBB90:
 215              	.LBI90:
 216              		.file 7 "../../libdaisy//src/per/qspi.h"
   1:../../libdaisy//src/per/qspi.h **** #ifndef DSY_QSPI
   2:../../libdaisy//src/per/qspi.h **** #define DSY_QSPI /**< Macro */
   3:../../libdaisy//src/per/qspi.h **** 
   4:../../libdaisy//src/per/qspi.h **** #ifndef UNIT_TEST // for unit tests, a dummy implementation
   5:../../libdaisy//src/per/qspi.h **** 
   6:../../libdaisy//src/per/qspi.h **** #include <cstdint>
   7:../../libdaisy//src/per/qspi.h **** #include "daisy_core.h" // Added for dsy_gpio_pin typedef
   8:../../libdaisy//src/per/qspi.h **** 
   9:../../libdaisy//src/per/qspi.h **** #define DSY_QSPI_TEXT       \
  10:../../libdaisy//src/per/qspi.h ****     __attribute__((section( \
  11:../../libdaisy//src/per/qspi.h ****         ".qspiflash_text"))) /**< used for reading memory in memory_mapped mode. */
  12:../../libdaisy//src/per/qspi.h **** #define DSY_QSPI_DATA       \
  13:../../libdaisy//src/per/qspi.h ****     __attribute__((section( \
  14:../../libdaisy//src/per/qspi.h ****         ".qspiflash_data"))) /**< used for reading memory in memory_mapped mode. */
  15:../../libdaisy//src/per/qspi.h **** #define DSY_QSPI_BSS        \
  16:../../libdaisy//src/per/qspi.h ****     __attribute__((section( \
  17:../../libdaisy//src/per/qspi.h ****         ".qspiflash_bss"))) /**< used for reading memory in memory_mapped mode. */
  18:../../libdaisy//src/per/qspi.h **** 
  19:../../libdaisy//src/per/qspi.h **** namespace daisy
  20:../../libdaisy//src/per/qspi.h **** {
  21:../../libdaisy//src/per/qspi.h **** /** @addtogroup serial
  22:../../libdaisy//src/per/qspi.h **** @{
  23:../../libdaisy//src/per/qspi.h **** */
  24:../../libdaisy//src/per/qspi.h **** 
  25:../../libdaisy//src/per/qspi.h **** /** 
  26:../../libdaisy//src/per/qspi.h ****  Driver for QSPI peripheral to interface with external flash memory. \n 
  27:../../libdaisy//src/per/qspi.h ****     Currently supported QSPI Devices: \n 
  28:../../libdaisy//src/per/qspi.h ****     * IS25LP080D
  29:../../libdaisy//src/per/qspi.h **** */
  30:../../libdaisy//src/per/qspi.h **** class QSPIHandle
  31:../../libdaisy//src/per/qspi.h **** {
  32:../../libdaisy//src/per/qspi.h ****   public:
  33:../../libdaisy//src/per/qspi.h ****     enum Result
  34:../../libdaisy//src/per/qspi.h ****     {
  35:../../libdaisy//src/per/qspi.h ****         OK = 0,
  36:../../libdaisy//src/per/qspi.h ****         ERR
  37:../../libdaisy//src/per/qspi.h ****     };
  38:../../libdaisy//src/per/qspi.h **** 
  39:../../libdaisy//src/per/qspi.h ****     /** Indicates the current status of the module. 
  40:../../libdaisy//src/per/qspi.h ****          *  Warnings are indicated by a leading W.
ARM GAS  C:\Users\nicol\AppData\Local\Temp\ccHyDzht.s 			page 11


  41:../../libdaisy//src/per/qspi.h ****          *  Errors are indicated by a leading E and cause an immediate exit.
  42:../../libdaisy//src/per/qspi.h ****          * 
  43:../../libdaisy//src/per/qspi.h ****          *  \param GOOD - No errors have been reported.
  44:../../libdaisy//src/per/qspi.h ****          *  \param E_HAL_ERROR - HAL code did not return HAL_OK.
  45:../../libdaisy//src/per/qspi.h ****          *  \param E_SWITCHING_MODES - An error was encountered while switching QSPI peripheral mod
  46:../../libdaisy//src/per/qspi.h ****          *  \param E_INVALID_MODE - QSPI should not be written to while the program is executing fr
  47:../../libdaisy//src/per/qspi.h ****          */
  48:../../libdaisy//src/per/qspi.h ****     enum Status
  49:../../libdaisy//src/per/qspi.h ****     {
  50:../../libdaisy//src/per/qspi.h ****         GOOD = 0,
  51:../../libdaisy//src/per/qspi.h ****         E_HAL_ERROR,
  52:../../libdaisy//src/per/qspi.h ****         E_SWITCHING_MODES,
  53:../../libdaisy//src/per/qspi.h ****         E_INVALID_MODE,
  54:../../libdaisy//src/per/qspi.h ****     };
  55:../../libdaisy//src/per/qspi.h **** 
  56:../../libdaisy//src/per/qspi.h ****     /** Configuration structure for interfacing with QSPI Driver */
  57:../../libdaisy//src/per/qspi.h ****     struct Config
  58:../../libdaisy//src/per/qspi.h ****     {
  59:../../libdaisy//src/per/qspi.h ****         /** Flash Devices supported. (Both of these are more-or-less the same, just different sizes
  60:../../libdaisy//src/per/qspi.h ****         enum Device
  61:../../libdaisy//src/per/qspi.h ****         {
  62:../../libdaisy//src/per/qspi.h ****             IS25LP080D,  /**< & */
  63:../../libdaisy//src/per/qspi.h ****             IS25LP064A,  /**< & */
  64:../../libdaisy//src/per/qspi.h ****             DEVICE_LAST, /**< & */
  65:../../libdaisy//src/per/qspi.h ****         };
  66:../../libdaisy//src/per/qspi.h **** 
  67:../../libdaisy//src/per/qspi.h ****         /** 
  68:../../libdaisy//src/per/qspi.h ****         Modes of operation.
  69:../../libdaisy//src/per/qspi.h ****         Memory Mapped mode: QSPI configured so that the QSPI can be
  70:../../libdaisy//src/per/qspi.h ****         read from starting address 0x90000000. Writing is not
  71:../../libdaisy//src/per/qspi.h ****         possible in this mode. \n 
  72:../../libdaisy//src/per/qspi.h ****         Indirect Polling mode: Device driver enabled. 
  73:../../libdaisy//src/per/qspi.h ****         */
  74:../../libdaisy//src/per/qspi.h ****         enum Mode
  75:../../libdaisy//src/per/qspi.h ****         {
  76:../../libdaisy//src/per/qspi.h ****             MEMORY_MAPPED,    /**< & */
  77:../../libdaisy//src/per/qspi.h ****             INDIRECT_POLLING, /**< & */
  78:../../libdaisy//src/per/qspi.h ****             MODE_LAST,
  79:../../libdaisy//src/per/qspi.h ****         };
  80:../../libdaisy//src/per/qspi.h **** 
  81:../../libdaisy//src/per/qspi.h ****         //SCK,  CE# (active low)
  82:../../libdaisy//src/per/qspi.h ****         struct
  83:../../libdaisy//src/per/qspi.h ****         {
  84:../../libdaisy//src/per/qspi.h ****             dsy_gpio_pin io0; /**< & */
  85:../../libdaisy//src/per/qspi.h ****             dsy_gpio_pin io1; /**< & */
  86:../../libdaisy//src/per/qspi.h ****             dsy_gpio_pin io2; /**< & */
  87:../../libdaisy//src/per/qspi.h ****             dsy_gpio_pin io3; /**< & */
  88:../../libdaisy//src/per/qspi.h ****             dsy_gpio_pin clk; /**< & */
  89:../../libdaisy//src/per/qspi.h ****             dsy_gpio_pin ncs; /**< & */
  90:../../libdaisy//src/per/qspi.h ****         } pin_config;
  91:../../libdaisy//src/per/qspi.h **** 
  92:../../libdaisy//src/per/qspi.h ****         Device device;
  93:../../libdaisy//src/per/qspi.h ****         Mode   mode;
  94:../../libdaisy//src/per/qspi.h ****     };
  95:../../libdaisy//src/per/qspi.h **** 
  96:../../libdaisy//src/per/qspi.h ****     /** 
  97:../../libdaisy//src/per/qspi.h ****         Initializes QSPI peripheral, and Resets, and prepares memory for access.
ARM GAS  C:\Users\nicol\AppData\Local\Temp\ccHyDzht.s 			page 12


  98:../../libdaisy//src/per/qspi.h ****         \param config should be populated with the mode, device and pin_config before calling this 
  99:../../libdaisy//src/per/qspi.h ****         \return Result::OK or Result::ERR
 100:../../libdaisy//src/per/qspi.h ****         */
 101:../../libdaisy//src/per/qspi.h ****     Result Init(const Config& config);
 102:../../libdaisy//src/per/qspi.h **** 
 103:../../libdaisy//src/per/qspi.h ****     /** Returns the current config. */
 104:../../libdaisy//src/per/qspi.h ****     const Config& GetConfig() const;
 105:../../libdaisy//src/per/qspi.h **** 
 106:../../libdaisy//src/per/qspi.h ****     // Couldn't this just be called before anything else in init? That
 107:../../libdaisy//src/per/qspi.h ****     // would make manually calling it unnecessary.
 108:../../libdaisy//src/per/qspi.h ****     /** 
 109:../../libdaisy//src/per/qspi.h ****         Deinitializes the peripheral
 110:../../libdaisy//src/per/qspi.h ****         This should be called before reinitializing QSPI in a different mode.
 111:../../libdaisy//src/per/qspi.h ****         \return Result::OK or Result::ERR
 112:../../libdaisy//src/per/qspi.h ****         */
 113:../../libdaisy//src/per/qspi.h ****     Result DeInit();
 114:../../libdaisy//src/per/qspi.h **** 
 115:../../libdaisy//src/per/qspi.h ****     /** 
 116:../../libdaisy//src/per/qspi.h ****         Writes a single page to to the specified address on the QSPI chip.
 117:../../libdaisy//src/per/qspi.h ****         For IS25LP*, page size is 256 bytes.
 118:../../libdaisy//src/per/qspi.h ****         \param address Address to write to
 119:../../libdaisy//src/per/qspi.h ****         \param size Buffer size
 120:../../libdaisy//src/per/qspi.h ****         \param buffer Buffer to write
 121:../../libdaisy//src/per/qspi.h ****         \return Result::OK or Result::ERR
 122:../../libdaisy//src/per/qspi.h ****         */
 123:../../libdaisy//src/per/qspi.h ****     Result WritePage(uint32_t address, uint32_t size, uint8_t* buffer);
 124:../../libdaisy//src/per/qspi.h **** 
 125:../../libdaisy//src/per/qspi.h ****     /** 
 126:../../libdaisy//src/per/qspi.h ****         Writes data in buffer to to the QSPI. Starting at address to address+size 
 127:../../libdaisy//src/per/qspi.h ****         \param address Address to write to
 128:../../libdaisy//src/per/qspi.h ****         \param size Buffer size
 129:../../libdaisy//src/per/qspi.h ****         \param buffer Buffer to write
 130:../../libdaisy//src/per/qspi.h ****         \return Result::OK or Result::ERR
 131:../../libdaisy//src/per/qspi.h ****         */
 132:../../libdaisy//src/per/qspi.h ****     Result Write(uint32_t address, uint32_t size, uint8_t* buffer);
 133:../../libdaisy//src/per/qspi.h **** 
 134:../../libdaisy//src/per/qspi.h ****     /** 
 135:../../libdaisy//src/per/qspi.h ****         Erases the area specified on the chip.
 136:../../libdaisy//src/per/qspi.h ****         Erasures will happen by 4K, 32K or 64K increments.
 137:../../libdaisy//src/per/qspi.h ****         Smallest erase possible is 4kB at a time. (on IS25LP*)
 138:../../libdaisy//src/per/qspi.h ****         \param start_addr Address to begin erasing from
 139:../../libdaisy//src/per/qspi.h ****         \param end_addr  Address to stop erasing at
 140:../../libdaisy//src/per/qspi.h ****         \return Result::OK or Result::ERR
 141:../../libdaisy//src/per/qspi.h ****         */
 142:../../libdaisy//src/per/qspi.h ****     Result Erase(uint32_t start_addr, uint32_t end_addr);
 143:../../libdaisy//src/per/qspi.h **** 
 144:../../libdaisy//src/per/qspi.h ****     /**  
 145:../../libdaisy//src/per/qspi.h ****          Erases a single sector of the chip.  
 146:../../libdaisy//src/per/qspi.h ****         TODO: Document the size of this function. 
 147:../../libdaisy//src/per/qspi.h ****         \param addr Address of sector to erase
 148:../../libdaisy//src/per/qspi.h ****         \return Result::OK or Result::ERR
 149:../../libdaisy//src/per/qspi.h ****         */
 150:../../libdaisy//src/per/qspi.h ****     Result EraseSector(uint32_t address);
 151:../../libdaisy//src/per/qspi.h **** 
 152:../../libdaisy//src/per/qspi.h ****     /** Returns the current class status. Useful for debugging.
 153:../../libdaisy//src/per/qspi.h ****      *  \returns Status
 154:../../libdaisy//src/per/qspi.h ****      */
ARM GAS  C:\Users\nicol\AppData\Local\Temp\ccHyDzht.s 			page 13


 155:../../libdaisy//src/per/qspi.h ****     Status GetStatus();
 156:../../libdaisy//src/per/qspi.h **** 
 157:../../libdaisy//src/per/qspi.h ****     /** Returns a pointer to the actual memory used 
 158:../../libdaisy//src/per/qspi.h ****      *  The memory at this address is read-only
 159:../../libdaisy//src/per/qspi.h ****      *  to write to it use the Write function.
 160:../../libdaisy//src/per/qspi.h ****      * 
 161:../../libdaisy//src/per/qspi.h ****      *  \param offset returns the pointer starting this 
 162:../../libdaisy//src/per/qspi.h ****      *                many bytes into the memory
 163:../../libdaisy//src/per/qspi.h ****     */
 164:../../libdaisy//src/per/qspi.h ****     void* GetData(uint32_t offset = 0);
 165:../../libdaisy//src/per/qspi.h **** 
 166:../../libdaisy//src/per/qspi.h ****     QSPIHandle() : pimpl_(nullptr) {}
 217              		.loc 7 166 5 view .LVU43
 218              	.LBB91:
 219              	.LBB92:
 220              		.loc 7 166 34 is_stmt 0 view .LVU44
 221 0000 0448     		ldr	r0, .L20
 222 0002 0023     		movs	r3, #0
 223              	.LBE92:
 224              	.LBE91:
 225              	.LBE90:
 226              	.LBE89:
 227              	.LBE88:
   7:MultiFX_nese10.cpp **** 
 228              		.loc 6 7 11 view .LVU45
 229 0004 044A     		ldr	r2, .L20+4
 230 0006 0549     		ldr	r1, .L20+8
 231              	.LBB106:
 232              	.LBB105:
 233              	.LBB95:
 234              	.LBB94:
 235              	.LBB93:
 236              		.loc 7 166 34 view .LVU46
 237 0008 0360     		str	r3, [r0]
 238              	.LVL10:
 239              		.loc 7 166 34 view .LVU47
 240              	.LBE93:
 241              	.LBE94:
 242              	.LBE95:
 243              	.LBB96:
 244              	.LBI96:
  62:../../libdaisy//src/hid/audio.h ****     ~AudioHandle() {}
 245              		.loc 5 62 5 is_stmt 1 view .LVU48
 246              	.LBB97:
 247              	.LBB98:
  62:../../libdaisy//src/hid/audio.h ****     ~AudioHandle() {}
 248              		.loc 5 62 35 is_stmt 0 view .LVU49
 249 000a 4361     		str	r3, [r0, #20]
 250              	.LVL11:
  62:../../libdaisy//src/hid/audio.h ****     ~AudioHandle() {}
 251              		.loc 5 62 35 view .LVU50
 252              	.LBE98:
 253              	.LBE97:
 254              	.LBE96:
 255              	.LBB99:
 256              	.LBI99:
  84:../../libdaisy//src/per/adc.h ****     ~AdcHandle() {}
ARM GAS  C:\Users\nicol\AppData\Local\Temp\ccHyDzht.s 			page 14


 257              		.loc 4 84 5 is_stmt 1 view .LVU51
  84:../../libdaisy//src/per/adc.h ****     ~AdcHandle() {}
 258              		.loc 4 84 5 is_stmt 0 view .LVU52
 259              	.LBE99:
 260              	.LBB100:
 261              	.LBI100:
 262              		.file 8 "../../libdaisy//src/per/dac.h"
   1:../../libdaisy//src/per/dac.h **** #pragma once
   2:../../libdaisy//src/per/dac.h **** #ifndef DSY_DAC_H
   3:../../libdaisy//src/per/dac.h **** #define DSY_DAC_H
   4:../../libdaisy//src/per/dac.h **** 
   5:../../libdaisy//src/per/dac.h **** #include "daisy_core.h"
   6:../../libdaisy//src/per/dac.h **** 
   7:../../libdaisy//src/per/dac.h **** namespace daisy
   8:../../libdaisy//src/per/dac.h **** {
   9:../../libdaisy//src/per/dac.h **** /** DAC handle for Built-in DAC Peripheral 
  10:../../libdaisy//src/per/dac.h ****  ** 
  11:../../libdaisy//src/per/dac.h ****  ** For now only Normal Mode is supported,
  12:../../libdaisy//src/per/dac.h ****  ** Sample and hold mode provides reduced power consumption, but requires a bit more setup.
  13:../../libdaisy//src/per/dac.h ****  **
  14:../../libdaisy//src/per/dac.h ****  ** For now connecting the DAC through other internal periphearls is also not supported.
  15:../../libdaisy//src/per/dac.h ****  **
  16:../../libdaisy//src/per/dac.h ****  ** Since the DAC channels have dedicated pins we don't need to pass in a pin config like with
  17:../../libdaisy//src/per/dac.h ****  ** other modules. However, it is still important to not try to use the DAC pins for anything else.
  18:../../libdaisy//src/per/dac.h ****  ** DAC Channel 1 is on PA4, and DAC Channel 2 is on PA5
  19:../../libdaisy//src/per/dac.h ****  ***/
  20:../../libdaisy//src/per/dac.h **** class DacHandle
  21:../../libdaisy//src/per/dac.h **** {
  22:../../libdaisy//src/per/dac.h ****   public:
  23:../../libdaisy//src/per/dac.h ****     /** Return Values for the DacHandle class */
  24:../../libdaisy//src/per/dac.h ****     enum class Result
  25:../../libdaisy//src/per/dac.h ****     {
  26:../../libdaisy//src/per/dac.h ****         OK,
  27:../../libdaisy//src/per/dac.h ****         ERR,
  28:../../libdaisy//src/per/dac.h ****     };
  29:../../libdaisy//src/per/dac.h **** 
  30:../../libdaisy//src/per/dac.h ****     /** Selects which channel(s) will be configured for use. */
  31:../../libdaisy//src/per/dac.h ****     enum class Channel
  32:../../libdaisy//src/per/dac.h ****     {
  33:../../libdaisy//src/per/dac.h ****         ONE,
  34:../../libdaisy//src/per/dac.h ****         TWO,
  35:../../libdaisy//src/per/dac.h ****         BOTH,
  36:../../libdaisy//src/per/dac.h ****     };
  37:../../libdaisy//src/per/dac.h **** 
  38:../../libdaisy//src/per/dac.h ****     /** Sets the Mode for the DAC channels.
  39:../../libdaisy//src/per/dac.h ****      **
  40:../../libdaisy//src/per/dac.h ****      ** Polling mode uses the blocking mode to transmit a single value at a time.
  41:../../libdaisy//src/per/dac.h ****      **
  42:../../libdaisy//src/per/dac.h ****      ** DMA mode uses a buffer, and periodically transmits it triggering a 
  43:../../libdaisy//src/per/dac.h ****      ** callback to fill the buffer when it is ready for more samples.
  44:../../libdaisy//src/per/dac.h ****      ***/
  45:../../libdaisy//src/per/dac.h ****     enum class Mode
  46:../../libdaisy//src/per/dac.h ****     {
  47:../../libdaisy//src/per/dac.h ****         POLLING,
  48:../../libdaisy//src/per/dac.h ****         DMA,
  49:../../libdaisy//src/per/dac.h ****     };
  50:../../libdaisy//src/per/dac.h **** 
ARM GAS  C:\Users\nicol\AppData\Local\Temp\ccHyDzht.s 			page 15


  51:../../libdaisy//src/per/dac.h ****     /** Sets the number of bits per sample transmitted out of the DAC.
  52:../../libdaisy//src/per/dac.h ****      ** The output range will be: 0V - VDDA
  53:../../libdaisy//src/per/dac.h ****      ** The resolution will be roughly: bitdepth / (VDDA - 0V) 
  54:../../libdaisy//src/per/dac.h ****      ***/
  55:../../libdaisy//src/per/dac.h ****     enum class BitDepth
  56:../../libdaisy//src/per/dac.h ****     {
  57:../../libdaisy//src/per/dac.h ****         BITS_8,
  58:../../libdaisy//src/per/dac.h ****         BITS_12
  59:../../libdaisy//src/per/dac.h ****     };
  60:../../libdaisy//src/per/dac.h **** 
  61:../../libdaisy//src/per/dac.h ****     /** Sets whether the DAC output is buffered for higher drive ability. */
  62:../../libdaisy//src/per/dac.h ****     enum class BufferState
  63:../../libdaisy//src/per/dac.h ****     {
  64:../../libdaisy//src/per/dac.h ****         ENABLED,
  65:../../libdaisy//src/per/dac.h ****         DISABLED,
  66:../../libdaisy//src/per/dac.h ****     };
  67:../../libdaisy//src/per/dac.h **** 
  68:../../libdaisy//src/per/dac.h ****     /** Configuration structure for initializing the DAC structure. */
  69:../../libdaisy//src/per/dac.h ****     struct Config
  70:../../libdaisy//src/per/dac.h ****     {
  71:../../libdaisy//src/per/dac.h ****         /** Target Samplerate in Hz used to configure the internal 
  72:../../libdaisy//src/per/dac.h ****          ** timebase for DMA mode. Does nothing in POLLING mode.
  73:../../libdaisy//src/per/dac.h ****          ** If the value is 0 at Init time this will default to 48000Hz 
  74:../../libdaisy//src/per/dac.h ****          ** otherwise the driver will attempt meet the target.*/
  75:../../libdaisy//src/per/dac.h ****         uint32_t target_samplerate;
  76:../../libdaisy//src/per/dac.h **** 
  77:../../libdaisy//src/per/dac.h ****         Channel     chn;
  78:../../libdaisy//src/per/dac.h ****         Mode        mode;
  79:../../libdaisy//src/per/dac.h ****         BitDepth    bitdepth;
  80:../../libdaisy//src/per/dac.h ****         BufferState buff_state;
  81:../../libdaisy//src/per/dac.h ****     };
  82:../../libdaisy//src/per/dac.h **** 
  83:../../libdaisy//src/per/dac.h ****     DacHandle() : pimpl_(nullptr) {}
 263              		.loc 8 83 5 is_stmt 1 view .LVU53
 264              	.LBB101:
 265              	.LBB102:
 266              		.loc 8 83 33 is_stmt 0 view .LVU54
 267 000c 0362     		str	r3, [r0, #32]
 268              	.LVL12:
 269              		.loc 8 83 33 view .LVU55
 270              	.LBE102:
 271              	.LBE101:
 272              	.LBE100:
 273              	.LBB103:
 274              	.LBI103:
  40:../../libdaisy//src/hid/usb.h **** 
 275              		.loc 3 40 5 is_stmt 1 view .LVU56
  40:../../libdaisy//src/hid/usb.h **** 
 276              		.loc 3 40 5 is_stmt 0 view .LVU57
 277              	.LBE103:
 278              	.LBB104:
 279              	.LBI104:
  77:../../libdaisy//src/sys/system.h ****     ~System() {}
 280              		.loc 2 77 5 is_stmt 1 view .LVU58
  77:../../libdaisy//src/sys/system.h ****     ~System() {}
 281              		.loc 2 77 5 is_stmt 0 view .LVU59
 282              	.LBE104:
ARM GAS  C:\Users\nicol\AppData\Local\Temp\ccHyDzht.s 			page 16


 283              	.LBE105:
 284              	.LBE106:
   7:MultiFX_nese10.cpp **** 
 285              		.loc 6 7 11 view .LVU60
 286 000e FFF7FEBF 		b	__aeabi_atexit
 287              	.LVL13:
 288              	.L21:
 289 0012 00BF     		.align	2
 290              	.L20:
 291 0014 00000000 		.word	.LANCHOR0
 292 0018 00000000 		.word	__dso_handle
 293 001c 00000000 		.word	_ZN5daisy9DaisySeedD1Ev
 294              	.LBE87:
 295              	.LBE86:
 296              		.cfi_endproc
 297              	.LFE4957:
 299              		.section	.init_array,"aw",%init_array
 300              		.align	2
 301 0000 00000000 		.word	_GLOBAL__sub_I_hw(target1)
 302              		.global	hw
 303              		.section	.bss.hw,"aw",%nobits
 304              		.align	2
 305              		.set	.LANCHOR0,. + 0
 308              	hw:
 309 0000 00000000 		.space	60
 309      00000000 
 309      00000000 
 309      00000000 
 309      00000000 
 310              		.text
 311              	.Letext0:
 312              		.file 9 "d:\\programmi\\gnu arm embedded toolchain\\10 2020-q4-major\\arm-none-eabi\\include\\mach
 313              		.file 10 "d:\\programmi\\gnu arm embedded toolchain\\10 2020-q4-major\\arm-none-eabi\\include\\sys
 314              		.file 11 "d:\\programmi\\gnu arm embedded toolchain\\10 2020-q4-major\\arm-none-eabi\\include\\std
 315              		.file 12 "d:\\programmi\\gnu arm embedded toolchain\\10 2020-q4-major\\lib\\gcc\\arm-none-eabi\\10
 316              		.file 13 "d:\\programmi\\gnu arm embedded toolchain\\10 2020-q4-major\\arm-none-eabi\\include\\c++
 317              		.file 14 "d:\\programmi\\gnu arm embedded toolchain\\10 2020-q4-major\\arm-none-eabi\\include\\c++
 318              		.file 15 "d:\\programmi\\gnu arm embedded toolchain\\10 2020-q4-major\\arm-none-eabi\\include\\c++
 319              		.file 16 "d:\\programmi\\gnu arm embedded toolchain\\10 2020-q4-major\\arm-none-eabi\\include\\c++
 320              		.file 17 "d:\\programmi\\gnu arm embedded toolchain\\10 2020-q4-major\\arm-none-eabi\\include\\c++
 321              		.file 18 "d:\\programmi\\gnu arm embedded toolchain\\10 2020-q4-major\\arm-none-eabi\\include\\c++
 322              		.file 19 "d:\\programmi\\gnu arm embedded toolchain\\10 2020-q4-major\\arm-none-eabi\\include\\c++
 323              		.file 20 "d:\\programmi\\gnu arm embedded toolchain\\10 2020-q4-major\\arm-none-eabi\\include\\c++
 324              		.file 21 "d:\\programmi\\gnu arm embedded toolchain\\10 2020-q4-major\\arm-none-eabi\\include\\c++
 325              		.file 22 "d:\\programmi\\gnu arm embedded toolchain\\10 2020-q4-major\\arm-none-eabi\\include\\c++
 326              		.file 23 "d:\\programmi\\gnu arm embedded toolchain\\10 2020-q4-major\\arm-none-eabi\\include\\c++
 327              		.file 24 "d:\\programmi\\gnu arm embedded toolchain\\10 2020-q4-major\\arm-none-eabi\\include\\c++
 328              		.file 25 "d:\\programmi\\gnu arm embedded toolchain\\10 2020-q4-major\\arm-none-eabi\\include\\c++
 329              		.file 26 "d:\\programmi\\gnu arm embedded toolchain\\10 2020-q4-major\\arm-none-eabi\\include\\c++
 330              		.file 27 "d:\\programmi\\gnu arm embedded toolchain\\10 2020-q4-major\\arm-none-eabi\\include\\c++
 331              		.file 28 "d:\\programmi\\gnu arm embedded toolchain\\10 2020-q4-major\\arm-none-eabi\\include\\c++
 332              		.file 29 "d:\\programmi\\gnu arm embedded toolchain\\10 2020-q4-major\\arm-none-eabi\\include\\c++
 333              		.file 30 "d:\\programmi\\gnu arm embedded toolchain\\10 2020-q4-major\\arm-none-eabi\\include\\c++
 334              		.file 31 "d:\\programmi\\gnu arm embedded toolchain\\10 2020-q4-major\\arm-none-eabi\\include\\sys
 335              		.file 32 "d:\\programmi\\gnu arm embedded toolchain\\10 2020-q4-major\\arm-none-eabi\\include\\sys
 336              		.file 33 "d:\\programmi\\gnu arm embedded toolchain\\10 2020-q4-major\\arm-none-eabi\\include\\sys
 337              		.file 34 "d:\\programmi\\gnu arm embedded toolchain\\10 2020-q4-major\\arm-none-eabi\\include\\mat
ARM GAS  C:\Users\nicol\AppData\Local\Temp\ccHyDzht.s 			page 17


 338              		.file 35 "d:\\programmi\\gnu arm embedded toolchain\\10 2020-q4-major\\arm-none-eabi\\include\\std
 339              		.file 36 "d:\\programmi\\gnu arm embedded toolchain\\10 2020-q4-major\\arm-none-eabi\\include\\c++
 340              		.file 37 "d:\\programmi\\gnu arm embedded toolchain\\10 2020-q4-major\\arm-none-eabi\\include\\c++
 341              		.file 38 "../../libdaisy//src/daisy_core.h"
 342              		.file 39 "../../libdaisy//src/per/tim.h"
 343              		.file 40 "../../libdaisy//src/per/sai.h"
 344              		.file 41 "../../libdaisy//src/util/wav_format.h"
 345              		.file 42 "../../libdaisy//src/per/gpio.h"
 346              		.file 43 "../../libdaisy//src/dev/sdram.h"
 347              		.file 44 "d:\\programmi\\gnu arm embedded toolchain\\10 2020-q4-major\\lib\\gcc\\arm-none-eabi\\10
 348              		.file 45 "d:\\programmi\\gnu arm embedded toolchain\\10 2020-q4-major\\arm-none-eabi\\include\\std
 349              		.file 46 "d:\\programmi\\gnu arm embedded toolchain\\10 2020-q4-major\\arm-none-eabi\\include\\str
 350              		.file 47 "../../DaisySP//Source/Control/adenv.h"
 351              		.file 48 "../../DaisySP//Source/Utility/dsp.h"
 352              		.file 49 "d:\\programmi\\gnu arm embedded toolchain\\10 2020-q4-major\\arm-none-eabi\\include\\wch
 353              		.file 50 "d:\\programmi\\gnu arm embedded toolchain\\10 2020-q4-major\\arm-none-eabi\\include\\loc
 354              		.file 51 "<built-in>"
 355              		.file 52 "../../libdaisy//src/dev/sr_595.h"
ARM GAS  C:\Users\nicol\AppData\Local\Temp\ccHyDzht.s 			page 18


DEFINED SYMBOLS
                            *ABS*:00000000 MultiFX_nese10.cpp
C:\Users\nicol\AppData\Local\Temp\ccHyDzht.s:17     .text._ZN5daisy9DaisySeedD2Ev:00000000 $t
C:\Users\nicol\AppData\Local\Temp\ccHyDzht.s:26     .text._ZN5daisy9DaisySeedD2Ev:00000000 _ZN5daisy9DaisySeedD2Ev
C:\Users\nicol\AppData\Local\Temp\ccHyDzht.s:26     .text._ZN5daisy9DaisySeedD2Ev:00000000 _ZN5daisy9DaisySeedD1Ev
C:\Users\nicol\AppData\Local\Temp\ccHyDzht.s:67     .text._Z13AudioCallbackPKPKfPPfj:00000000 $t
C:\Users\nicol\AppData\Local\Temp\ccHyDzht.s:75     .text._Z13AudioCallbackPKPKfPPfj:00000000 _Z13AudioCallbackPKPKfPPfj
C:\Users\nicol\AppData\Local\Temp\ccHyDzht.s:132    .text.startup.main:00000000 $t
C:\Users\nicol\AppData\Local\Temp\ccHyDzht.s:140    .text.startup.main:00000000 main
C:\Users\nicol\AppData\Local\Temp\ccHyDzht.s:185    .text.startup.main:00000024 $d
C:\Users\nicol\AppData\Local\Temp\ccHyDzht.s:191    .text.startup._GLOBAL__sub_I_hw:00000000 $t
C:\Users\nicol\AppData\Local\Temp\ccHyDzht.s:198    .text.startup._GLOBAL__sub_I_hw:00000000 _GLOBAL__sub_I_hw
C:\Users\nicol\AppData\Local\Temp\ccHyDzht.s:291    .text.startup._GLOBAL__sub_I_hw:00000014 $d
C:\Users\nicol\AppData\Local\Temp\ccHyDzht.s:300    .init_array:00000000 $d
C:\Users\nicol\AppData\Local\Temp\ccHyDzht.s:308    .bss.hw:00000000 hw
C:\Users\nicol\AppData\Local\Temp\ccHyDzht.s:304    .bss.hw:00000000 $d
                           .group:00000000 _ZN5daisy9DaisySeedD5Ev

UNDEFINED SYMBOLS
_ZN5daisy9DaisySeed4InitEb
_ZN5daisy9DaisySeed17SetAudioBlockSizeEj
_ZN5daisy9DaisySeed18SetAudioSampleRateENS_9SaiHandle6Config10SampleRateE
_ZN5daisy9DaisySeed10StartAudioEPFvPKPKfPPfjE
__aeabi_atexit
__dso_handle
